This file contains any messages produced by compilers while
running configure, to aid debugging if configure makes a mistake.

It was created by wmmoonclock configure 1.29, which was
generated by GNU Autoconf 2.69.  Invocation command line was

  $ ./configure --prefix=/usr

## --------- ##
## Platform. ##
## --------- ##

hostname = guerrak.mtv.corp.google.com
uname -m = x86_64
uname -r = 4.19.67-2rodete2-amd64
uname -s = Linux
uname -v = #1 SMP Debian 4.19.67-2rodete2 (2019-10-08 > 2018)

/usr/bin/uname -p = unknown
/bin/uname -X     = unknown

/bin/arch              = x86_64
/usr/bin/arch -k       = unknown
/usr/convex/getsysinfo = unknown
/usr/bin/hostinfo      = unknown
/bin/machine           = unknown
/usr/bin/oslevel       = unknown
/bin/universe          = unknown

PATH: /usr/lib/google-golang/bin
PATH: /usr/local/buildtools/java/jdk/bin
PATH: /usr/local/sbin
PATH: /usr/local/bin
PATH: /usr/sbin
PATH: /usr/bin
PATH: /sbin
PATH: /bin
PATH: /usr/local/google/home/guerrak/bin
PATH: /usr/ubin
PATH: /usr/local/bin
PATH: /usr/games


## ----------- ##
## Core tests. ##
## ----------- ##

configure:1869: checking for a BSD-compatible install
configure:1937: result: /usr/bin/install -c
configure:1948: checking whether build environment is sane
configure:2003: result: yes
configure:2152: checking for a thread-safe mkdir -p
configure:2191: result: /usr/bin/mkdir -p
configure:2198: checking for gawk
configure:2214: found /usr/bin/gawk
configure:2225: result: gawk
configure:2236: checking whether make sets $(MAKE)
configure:2258: result: yes
configure:2287: checking whether make supports nested variables
configure:2304: result: yes
configure:2479: checking for gcc
configure:2495: found /usr/bin/gcc
configure:2506: result: gcc
configure:2735: checking for C compiler version
configure:2744: gcc --version >&5
gcc (Debian 8.3.0-6) 8.3.0
Copyright (C) 2018 Free Software Foundation, Inc.
This is free software; see the source for copying conditions.  There is NO
warranty; not even for MERCHANTABILITY or FITNESS FOR A PARTICULAR PURPOSE.

configure:2755: $? = 0
configure:2744: gcc -v >&5
Using built-in specs.
COLLECT_GCC=gcc
COLLECT_LTO_WRAPPER=/usr/lib/gcc/x86_64-linux-gnu/8/lto-wrapper
OFFLOAD_TARGET_NAMES=nvptx-none
OFFLOAD_TARGET_DEFAULT=1
Target: x86_64-linux-gnu
Configured with: ../src/configure -v --with-pkgversion='Debian 8.3.0-6' --with-bugurl=file:///usr/share/doc/gcc-8/README.Bugs --enable-languages=c,ada,c++,go,brig,d,fortran,objc,obj-c++ --prefix=/usr --with-gcc-major-version-only --program-suffix=-8 --program-prefix=x86_64-linux-gnu- --enable-shared --enable-linker-build-id --libexecdir=/usr/lib --without-included-gettext --enable-threads=posix --libdir=/usr/lib --enable-nls --enable-bootstrap --enable-clocale=gnu --enable-libstdcxx-debug --enable-libstdcxx-time=yes --with-default-libstdcxx-abi=new --enable-gnu-unique-object --disable-vtable-verify --enable-libmpx --enable-plugin --enable-default-pie --with-system-zlib --with-target-system-zlib --enable-objc-gc=auto --enable-multiarch --disable-werror --with-arch-32=i686 --with-abi=m64 --with-multilib-list=m32,m64,mx32 --enable-multilib --with-tune=generic --enable-offload-targets=nvptx-none --without-cuda-driver --enable-checking=release --build=x86_64-linux-gnu --host=x86_64-linux-gnu --target=x86_64-linux-gnu
Thread model: posix
gcc version 8.3.0 (Debian 8.3.0-6) 
configure:2755: $? = 0
configure:2744: gcc -V >&5
gcc: error: unrecognized command line option '-V'
gcc: fatal error: no input files
compilation terminated.
configure:2755: $? = 1
configure:2744: gcc -qversion >&5
gcc: error: unrecognized command line option '-qversion'; did you mean '--version'?
gcc: fatal error: no input files
compilation terminated.
configure:2755: $? = 1
configure:2775: checking whether the C compiler works
configure:2797: gcc    conftest.c  >&5
configure:2801: $? = 0
configure:2849: result: yes
configure:2852: checking for C compiler default output file name
configure:2854: result: a.out
configure:2860: checking for suffix of executables
configure:2867: gcc -o conftest    conftest.c  >&5
configure:2871: $? = 0
configure:2893: result: 
configure:2915: checking whether we are cross compiling
configure:2923: gcc -o conftest    conftest.c  >&5
configure:2927: $? = 0
configure:2934: ./conftest
configure:2938: $? = 0
configure:2926: result: no
configure:2931: checking for suffix of object files
configure:2953: gcc -c   conftest.c >&5
configure:2957: $? = 0
configure:2978: result: o
configure:2982: checking whether we are using the GNU C compiler
configure:3001: gcc -c   conftest.c >&5
configure:3001: $? = 0
configure:3010: result: yes
configure:3019: checking whether gcc accepts -g
configure:3039: gcc -c -g  conftest.c >&5
configure:3039: $? = 0
configure:3080: result: yes
configure:3097: checking for gcc option to accept ISO C89
configure:3160: gcc  -c -g -O2  conftest.c >&5
configure:3160: $? = 0
configure:3173: result: none needed
configure:3198: checking whether gcc understands -c and -o together
configure:3220: gcc -c conftest.c -o conftest2.o
configure:3223: $? = 0
configure:3220: gcc -c conftest.c -o conftest2.o
configure:3223: $? = 0
configure:3235: result: yes
configure:3263: checking for style of include used by make
configure:3291: result: GNU
configure:3317: checking dependency style of gcc
configure:3428: result: gcc3
configure:3497: checking for pkg-config
configure:3515: found /usr/bin/pkg-config
configure:3527: result: /usr/bin/pkg-config
configure:3552: checking pkg-config is at least version 0.9.0
configure:3555: result: yes
configure:3565: checking for x11
configure:3572: $PKG_CONFIG --exists --print-errors "x11"
configure:3575: $? = 0
configure:3589: $PKG_CONFIG --exists --print-errors "x11"
configure:3592: $? = 0
configure:3650: result: yes
configure:3656: checking for xext
configure:3663: $PKG_CONFIG --exists --print-errors "xext"
configure:3666: $? = 0
configure:3680: $PKG_CONFIG --exists --print-errors "xext"
configure:3683: $? = 0
configure:3741: result: yes
configure:3747: checking for xpm
configure:3754: $PKG_CONFIG --exists --print-errors "xpm"
configure:3757: $? = 0
configure:3771: $PKG_CONFIG --exists --print-errors "xpm"
configure:3774: $? = 0
configure:3832: result: yes
configure:3975: checking that generated files are newer than configure
configure:3981: result: done
configure:4004: creating ./config.status

## ---------------------- ##
## Running config.status. ##
## ---------------------- ##

This file was extended by wmmoonclock config.status 1.29, which was
generated by GNU Autoconf 2.69.  Invocation command line was

  CONFIG_FILES    = 
  CONFIG_HEADERS  = 
  CONFIG_LINKS    = 
  CONFIG_COMMANDS = 
  $ ./config.status 

on guerrak.mtv.corp.google.com

config.status:778: creating Makefile
config.status:950: executing depfiles commands

## ---------------- ##
## Cache variables. ##
## ---------------- ##

ac_cv_c_compiler_gnu=yes
ac_cv_env_CC_set=
ac_cv_env_CC_value=
ac_cv_env_CFLAGS_set=
ac_cv_env_CFLAGS_value=
ac_cv_env_CPPFLAGS_set=
ac_cv_env_CPPFLAGS_value=
ac_cv_env_LDFLAGS_set=
ac_cv_env_LDFLAGS_value=
ac_cv_env_LIBS_set=
ac_cv_env_LIBS_value=
ac_cv_env_PKG_CONFIG_LIBDIR_set=
ac_cv_env_PKG_CONFIG_LIBDIR_value=
ac_cv_env_PKG_CONFIG_PATH_set=
ac_cv_env_PKG_CONFIG_PATH_value=
ac_cv_env_PKG_CONFIG_set=
ac_cv_env_PKG_CONFIG_value=
ac_cv_env_build_alias_set=
ac_cv_env_build_alias_value=
ac_cv_env_host_alias_set=
ac_cv_env_host_alias_value=
ac_cv_env_target_alias_set=
ac_cv_env_target_alias_value=
ac_cv_env_x11_CFLAGS_set=
ac_cv_env_x11_CFLAGS_value=
ac_cv_env_x11_LIBS_set=
ac_cv_env_x11_LIBS_value=
ac_cv_env_xext_CFLAGS_set=
ac_cv_env_xext_CFLAGS_value=
ac_cv_env_xext_LIBS_set=
ac_cv_env_xext_LIBS_value=
ac_cv_env_xpm_CFLAGS_set=
ac_cv_env_xpm_CFLAGS_value=
ac_cv_env_xpm_LIBS_set=
ac_cv_env_xpm_LIBS_value=
ac_cv_objext=o
ac_cv_path_ac_pt_PKG_CONFIG=/usr/bin/pkg-config
ac_cv_path_install='/usr/bin/install -c'
ac_cv_path_mkdir=/usr/bin/mkdir
ac_cv_prog_AWK=gawk
ac_cv_prog_ac_ct_CC=gcc
ac_cv_prog_cc_c89=
ac_cv_prog_cc_g=yes
ac_cv_prog_make_make_set=yes
am_cv_CC_dependencies_compiler_type=gcc3
am_cv_make_support_nested_variables=yes
am_cv_prog_cc_c_o=yes
pkg_cv_x11_CFLAGS=
pkg_cv_x11_LIBS=-lX11
pkg_cv_xext_CFLAGS=
pkg_cv_xext_LIBS=-lXext
pkg_cv_xpm_CFLAGS=
pkg_cv_xpm_LIBS='-lXpm -lX11'

## ----------------- ##
## Output variables. ##
## ----------------- ##

ACLOCAL='${SHELL} /usr/local/google/home/guerrak/code/dockapps/wmmoonclock-1.29/missing aclocal-1.15'
AMDEPBACKSLASH='\'
AMDEP_FALSE='#'
AMDEP_TRUE=''
AMTAR='$${TAR-tar}'
AM_BACKSLASH='\'
AM_DEFAULT_V='$(AM_DEFAULT_VERBOSITY)'
AM_DEFAULT_VERBOSITY='1'
AM_V='$(V)'
AUTOCONF='${SHELL} /usr/local/google/home/guerrak/code/dockapps/wmmoonclock-1.29/missing autoconf'
AUTOHEADER='${SHELL} /usr/local/google/home/guerrak/code/dockapps/wmmoonclock-1.29/missing autoheader'
AUTOMAKE='${SHELL} /usr/local/google/home/guerrak/code/dockapps/wmmoonclock-1.29/missing automake-1.15'
AWK='gawk'
CC='gcc'
CCDEPMODE='depmode=gcc3'
CFLAGS='-g -O2'
CPPFLAGS=''
CYGPATH_W='echo'
DEFS='-DPACKAGE_NAME=\"wmmoonclock\" -DPACKAGE_TARNAME=\"wmmoonclock\" -DPACKAGE_VERSION=\"1.29\" -DPACKAGE_STRING=\"wmmoonclock\ 1.29\" -DPACKAGE_BUGREPORT=\"wmaker-dev@lists.windowmaker.org\" -DPACKAGE_URL=\"\" -DPACKAGE=\"wmmoonclock\" -DVERSION=\"1.29\"'
DEPDIR='.deps'
ECHO_C=''
ECHO_N='-n'
ECHO_T=''
EXEEXT=''
INSTALL_DATA='${INSTALL} -m 644'
INSTALL_PROGRAM='${INSTALL}'
INSTALL_SCRIPT='${INSTALL}'
INSTALL_STRIP_PROGRAM='$(install_sh) -c -s'
LDFLAGS=''
LIBOBJS=''
LIBS=''
LTLIBOBJS=''
MAKEINFO='${SHELL} /usr/local/google/home/guerrak/code/dockapps/wmmoonclock-1.29/missing makeinfo'
MKDIR_P='/usr/bin/mkdir -p'
OBJEXT='o'
PACKAGE='wmmoonclock'
PACKAGE_BUGREPORT='wmaker-dev@lists.windowmaker.org'
PACKAGE_NAME='wmmoonclock'
PACKAGE_STRING='wmmoonclock 1.29'
PACKAGE_TARNAME='wmmoonclock'
PACKAGE_URL=''
PACKAGE_VERSION='1.29'
PATH_SEPARATOR=':'
PKG_CONFIG='/usr/bin/pkg-config'
PKG_CONFIG_LIBDIR=''
PKG_CONFIG_PATH=''
SET_MAKE=''
SHELL='/bin/sh'
STRIP=''
VERSION='1.29'
ac_ct_CC='gcc'
am__EXEEXT_FALSE=''
am__EXEEXT_TRUE='#'
am__fastdepCC_FALSE='#'
am__fastdepCC_TRUE=''
am__include='include'
am__isrc=''
am__leading_dot='.'
am__nodep='_no'
am__quote=''
am__tar='$${TAR-tar} chof - "$$tardir"'
am__untar='$${TAR-tar} xf -'
bindir='${exec_prefix}/bin'
build_alias=''
datadir='${datarootdir}'
datarootdir='${prefix}/share'
docdir='${datarootdir}/doc/${PACKAGE_TARNAME}'
dvidir='${docdir}'
exec_prefix='${prefix}'
host_alias=''
htmldir='${docdir}'
includedir='${prefix}/include'
infodir='${datarootdir}/info'
install_sh='${SHELL} /usr/local/google/home/guerrak/code/dockapps/wmmoonclock-1.29/install-sh'
libdir='${exec_prefix}/lib'
libexecdir='${exec_prefix}/libexec'
localedir='${datarootdir}/locale'
localstatedir='${prefix}/var'
mandir='${datarootdir}/man'
mkdir_p='$(MKDIR_P)'
oldincludedir='/usr/include'
pdfdir='${docdir}'
prefix='/usr'
program_transform_name='s,x,x,'
psdir='${docdir}'
runstatedir='${localstatedir}/run'
sbindir='${exec_prefix}/sbin'
sharedstatedir='${prefix}/com'
sysconfdir='${prefix}/etc'
target_alias=''
x11_CFLAGS=''
x11_LIBS='-lX11'
xext_CFLAGS=''
xext_LIBS='-lXext'
xpm_CFLAGS=''
xpm_LIBS='-lXpm -lX11'

## ----------- ##
## confdefs.h. ##
## ----------- ##

/* confdefs.h */
#define PACKAGE_NAME "wmmoonclock"
#define PACKAGE_TARNAME "wmmoonclock"
#define PACKAGE_VERSION "1.29"
#define PACKAGE_STRING "wmmoonclock 1.29"
#define PACKAGE_BUGREPORT "wmaker-dev@lists.windowmaker.org"
#define PACKAGE_URL ""
#define PACKAGE "wmmoonclock"
#define VERSION "1.29"

configure: exit 0
