This file contains any messages produced by compilers while
running configure, to aid debugging if configure makes a mistake.

It was created by configure, which was
generated by GNU Autoconf 2.69.  Invocation command line was

  $ ./configure --prefix=/usr --no-create --no-recursion

## --------- ##
## Platform. ##
## --------- ##

hostname = guerrak.mtv.corp.google.com
uname -m = x86_64
uname -r = 4.19.67-2rodete2-amd64
uname -s = Linux
uname -v = #1 SMP Debian 4.19.67-2rodete2 (2019-10-08 > 2018)

/usr/bin/uname -p = unknown
/bin/uname -X     = unknown

/bin/arch              = x86_64
/usr/bin/arch -k       = unknown
/usr/convex/getsysinfo = unknown
/usr/bin/hostinfo      = unknown
/bin/machine           = unknown
/usr/bin/oslevel       = unknown
/bin/universe          = unknown

PATH: /usr/lib/google-golang/bin
PATH: /usr/local/buildtools/java/jdk/bin
PATH: /usr/local/sbin
PATH: /usr/local/bin
PATH: /usr/sbin
PATH: /usr/bin
PATH: /sbin
PATH: /bin
PATH: /usr/local/google/home/guerrak/bin
PATH: /usr/ubin
PATH: /usr/local/bin
PATH: /usr/games


## ----------- ##
## Core tests. ##
## ----------- ##

configure:2196: checking for a BSD-compatible install
configure:2264: result: /usr/bin/install -c
configure:2275: checking whether build environment is sane
configure:2312: result: yes
configure:2374: checking for gawk
configure:2390: found /usr/bin/gawk
configure:2401: result: gawk
configure:2412: checking whether make sets $(MAKE)
configure:2434: result: yes
configure:2617: checking for gawk
configure:2644: result: gawk
configure:2703: checking for gcc
configure:2719: found /usr/bin/gcc
configure:2730: result: gcc
configure:2959: checking for C compiler version
configure:2968: gcc --version >&5
gcc (Debian 8.3.0-6) 8.3.0
Copyright (C) 2018 Free Software Foundation, Inc.
This is free software; see the source for copying conditions.  There is NO
warranty; not even for MERCHANTABILITY or FITNESS FOR A PARTICULAR PURPOSE.

configure:2979: $? = 0
configure:2968: gcc -v >&5
Using built-in specs.
COLLECT_GCC=gcc
COLLECT_LTO_WRAPPER=/usr/lib/gcc/x86_64-linux-gnu/8/lto-wrapper
OFFLOAD_TARGET_NAMES=nvptx-none
OFFLOAD_TARGET_DEFAULT=1
Target: x86_64-linux-gnu
Configured with: ../src/configure -v --with-pkgversion='Debian 8.3.0-6' --with-bugurl=file:///usr/share/doc/gcc-8/README.Bugs --enable-languages=c,ada,c++,go,brig,d,fortran,objc,obj-c++ --prefix=/usr --with-gcc-major-version-only --program-suffix=-8 --program-prefix=x86_64-linux-gnu- --enable-shared --enable-linker-build-id --libexecdir=/usr/lib --without-included-gettext --enable-threads=posix --libdir=/usr/lib --enable-nls --enable-bootstrap --enable-clocale=gnu --enable-libstdcxx-debug --enable-libstdcxx-time=yes --with-default-libstdcxx-abi=new --enable-gnu-unique-object --disable-vtable-verify --enable-libmpx --enable-plugin --enable-default-pie --with-system-zlib --with-target-system-zlib --enable-objc-gc=auto --enable-multiarch --disable-werror --with-arch-32=i686 --with-abi=m64 --with-multilib-list=m32,m64,mx32 --enable-multilib --with-tune=generic --enable-offload-targets=nvptx-none --without-cuda-driver --enable-checking=release --build=x86_64-linux-gnu --host=x86_64-linux-gnu --target=x86_64-linux-gnu
Thread model: posix
gcc version 8.3.0 (Debian 8.3.0-6) 
configure:2979: $? = 0
configure:2968: gcc -V >&5
gcc: error: unrecognized command line option '-V'
gcc: fatal error: no input files
compilation terminated.
configure:2979: $? = 1
configure:2968: gcc -qversion >&5
gcc: error: unrecognized command line option '-qversion'; did you mean '--version'?
gcc: fatal error: no input files
compilation terminated.
configure:2979: $? = 1
configure:2999: checking whether the C compiler works
configure:3021: gcc    conftest.c  >&5
configure:3025: $? = 0
configure:3073: result: yes
configure:3076: checking for C compiler default output file name
configure:3078: result: a.out
configure:3084: checking for suffix of executables
configure:3091: gcc -o conftest    conftest.c  >&5
configure:3095: $? = 0
configure:3117: result: 
configure:3139: checking whether we are cross compiling
configure:3147: gcc -o conftest    conftest.c  >&5
configure:3151: $? = 0
configure:3158: ./conftest
configure:3162: $? = 0
configure:3150: result: no
configure:3155: checking for suffix of object files
configure:3177: gcc -c   conftest.c >&5
configure:3181: $? = 0
configure:3202: result: o
configure:3206: checking whether we are using the GNU C compiler
configure:3225: gcc -c   conftest.c >&5
configure:3225: $? = 0
configure:3234: result: yes
configure:3243: checking whether gcc accepts -g
configure:3263: gcc -c -g  conftest.c >&5
configure:3263: $? = 0
configure:3304: result: yes
configure:3321: checking for gcc option to accept ISO C89
configure:3384: gcc  -c -g -O2  conftest.c >&5
configure:3384: $? = 0
configure:3397: result: none needed
configure:3428: checking for style of include used by make
configure:3456: result: GNU
configure:3484: checking dependency style of gcc
configure:3574: result: gcc3
configure:3592: checking whether ln -s works
configure:3596: result: yes
configure:3610: checking how to run the C preprocessor
configure:3641: gcc -E  conftest.c
configure:3641: $? = 0
configure:3655: gcc -E  conftest.c
conftest.c:11:10: fatal error: ac_nonexistent.h: No such file or directory
 #include <ac_nonexistent.h>
          ^~~~~~~~~~~~~~~~~~
compilation terminated.
configure:3655: $? = 1
configure: failed program was:
| /* confdefs.h */
| #define PACKAGE_NAME ""
| #define PACKAGE_TARNAME ""
| #define PACKAGE_VERSION ""
| #define PACKAGE_STRING ""
| #define PACKAGE_BUGREPORT ""
| #define PACKAGE_URL ""
| #define PACKAGE "wmfire"
| #define VERSION "1.2.4"
| /* end confdefs.h.  */
| #include <ac_nonexistent.h>
configure:3680: result: gcc -E
configure:3700: gcc -E  conftest.c
configure:3700: $? = 0
configure:3714: gcc -E  conftest.c
conftest.c:11:10: fatal error: ac_nonexistent.h: No such file or directory
 #include <ac_nonexistent.h>
          ^~~~~~~~~~~~~~~~~~
compilation terminated.
configure:3714: $? = 1
configure: failed program was:
| /* confdefs.h */
| #define PACKAGE_NAME ""
| #define PACKAGE_TARNAME ""
| #define PACKAGE_VERSION ""
| #define PACKAGE_STRING ""
| #define PACKAGE_BUGREPORT ""
| #define PACKAGE_URL ""
| #define PACKAGE "wmfire"
| #define VERSION "1.2.4"
| /* end confdefs.h.  */
| #include <ac_nonexistent.h>
configure:3743: checking for X
configure:3851: gcc -E  conftest.c
configure:3851: $? = 0
configure:3882: gcc -o conftest -g -O2   conftest.c -lX11  >&5
configure:3882: $? = 0
configure:3932: result: libraries , headers 
configure:3936: checking for main in -lX11
configure:3955: gcc -o conftest -g -O2   conftest.c -lX11   >&5
configure:3955: $? = 0
configure:3964: result: yes
configure:3975: checking for main in -lXext
configure:3994: gcc -o conftest -g -O2   conftest.c -lXext  -lX11  >&5
configure:3994: $? = 0
configure:4003: result: yes
configure:4014: checking for sincos in -lm
configure:4039: gcc -o conftest -g -O2   conftest.c -lm  -lXext -lX11  >&5
conftest.c:20:6: warning: conflicting types for built-in function 'sincos' [-Wbuiltin-declaration-mismatch]
 char sincos ();
      ^~~~~~
configure:4039: $? = 0
configure:4048: result: yes
configure:4063: checking for dirent.h that defines DIR
configure:4082: gcc -c -g -O2  conftest.c >&5
configure:4082: $? = 0
configure:4090: result: yes
configure:4103: checking for library containing opendir
configure:4134: gcc -o conftest -g -O2   conftest.c -lm -lXext -lX11  >&5
configure:4134: $? = 0
configure:4151: result: none required
configure:4218: checking for grep that handles long lines and -e
configure:4276: result: /usr/bin/grep
configure:4281: checking for egrep
configure:4343: result: /usr/bin/grep -E
configure:4348: checking for ANSI C header files
configure:4368: gcc -c -g -O2  conftest.c >&5
configure:4368: $? = 0
configure:4441: gcc -o conftest -g -O2   conftest.c -lm -lXext -lX11  >&5
configure:4441: $? = 0
configure:4441: ./conftest
configure:4441: $? = 0
configure:4452: result: yes
configure:4460: checking for sys/wait.h that is POSIX.1 compatible
configure:4486: gcc -c -g -O2  conftest.c >&5
configure:4486: $? = 0
configure:4493: result: yes
configure:4506: checking for sys/types.h
configure:4506: gcc -c -g -O2  conftest.c >&5
configure:4506: $? = 0
configure:4506: result: yes
configure:4506: checking for sys/stat.h
configure:4506: gcc -c -g -O2  conftest.c >&5
configure:4506: $? = 0
configure:4506: result: yes
configure:4506: checking for stdlib.h
configure:4506: gcc -c -g -O2  conftest.c >&5
configure:4506: $? = 0
configure:4506: result: yes
configure:4506: checking for string.h
configure:4506: gcc -c -g -O2  conftest.c >&5
configure:4506: $? = 0
configure:4506: result: yes
configure:4506: checking for memory.h
configure:4506: gcc -c -g -O2  conftest.c >&5
configure:4506: $? = 0
configure:4506: result: yes
configure:4506: checking for strings.h
configure:4506: gcc -c -g -O2  conftest.c >&5
configure:4506: $? = 0
configure:4506: result: yes
configure:4506: checking for inttypes.h
configure:4506: gcc -c -g -O2  conftest.c >&5
configure:4506: $? = 0
configure:4506: result: yes
configure:4506: checking for stdint.h
configure:4506: gcc -c -g -O2  conftest.c >&5
configure:4506: $? = 0
configure:4506: result: yes
configure:4506: checking for unistd.h
configure:4506: gcc -c -g -O2  conftest.c >&5
configure:4506: $? = 0
configure:4506: result: yes
configure:4520: checking for unistd.h
configure:4520: result: yes
configure:4531: checking for an ANSI C-conforming const
configure:4597: gcc -c -g -O2  conftest.c >&5
configure:4597: $? = 0
configure:4604: result: yes
configure:4645: checking for pkg-config
configure:4663: found /usr/bin/pkg-config
configure:4675: result: /usr/bin/pkg-config
configure:4684: checking for gdk2 includes
configure:4691: result: -pthread -I/usr/include/gtk-2.0 -I/usr/lib/x86_64-linux-gnu/gtk-2.0/include -I/usr/include/gio-unix-2.0 -I/usr/include/cairo -I/usr/include/pango-1.0 -I/usr/include/atk-1.0 -I/usr/include/cairo -I/usr/include/pixman-1 -I/usr/include/gdk-pixbuf-2.0 -I/usr/include/libmount -I/usr/include/blkid -I/usr/include/pango-1.0 -I/usr/include/harfbuzz -I/usr/include/pango-1.0 -I/usr/include/fribidi -I/usr/include/glib-2.0 -I/usr/lib/x86_64-linux-gnu/glib-2.0/include -I/usr/include/uuid -I/usr/include/freetype2 -I/usr/include/libpng16
configure:4693: checking for gdk2 libs
configure:4700: result:  -lgdk-x11-2.0 -lpangocairo-1.0  -lcairo -lgdk_pixbuf-2.0 -lgio-2.0 -lpangoft2-1.0 -lpango-1.0 -lgobject-2.0 -lglib-2.0 -lfontconfig -lfreetype
configure:4703: checking for libgtop2 includes
configure:4710: result: -I/usr/include/libgtop-2.0 -I/usr/include/glib-2.0 -I/usr/lib/x86_64-linux-gnu/glib-2.0/include
configure:4712: checking for libgtop2 libs
configure:4719: result: -lgtop-2.0 -lglib-2.0
configure:4727: checking for strstr
configure:4727: gcc -o conftest -g -O2 -pthread -I/usr/include/gtk-2.0 -I/usr/lib/x86_64-linux-gnu/gtk-2.0/include -I/usr/include/gio-unix-2.0 -I/usr/include/cairo -I/usr/include/pango-1.0 -I/usr/include/atk-1.0 -I/usr/include/cairo -I/usr/include/pixman-1 -I/usr/include/gdk-pixbuf-2.0 -I/usr/include/libmount -I/usr/include/blkid -I/usr/include/pango-1.0 -I/usr/include/harfbuzz -I/usr/include/pango-1.0 -I/usr/include/fribidi -I/usr/include/glib-2.0 -I/usr/lib/x86_64-linux-gnu/glib-2.0/include -I/usr/include/uuid -I/usr/include/freetype2 -I/usr/include/libpng16 -I/usr/include/libgtop-2.0 -I/usr/include/glib-2.0 -I/usr/lib/x86_64-linux-gnu/glib-2.0/include    -lgdk-x11-2.0 -lpangocairo-1.0  -lcairo -lgdk_pixbuf-2.0 -lgio-2.0 -lpangoft2-1.0 -lpango-1.0 -lgobject-2.0 -lglib-2.0 -lfontconfig -lfreetype -lgtop-2.0 -lglib-2.0 conftest.c -lm -lXext -lX11  >&5
conftest.c:50:6: warning: conflicting types for built-in function 'strstr' [-Wbuiltin-declaration-mismatch]
 char strstr ();
      ^~~~~~
configure:4727: $? = 0
configure:4727: result: yes
configure:4893: creating ./config.status

## ---------------- ##
## Cache variables. ##
## ---------------- ##

ac_cv_c_compiler_gnu=yes
ac_cv_c_const=yes
ac_cv_env_CC_set=
ac_cv_env_CC_value=
ac_cv_env_CFLAGS_set=
ac_cv_env_CFLAGS_value=
ac_cv_env_CPPFLAGS_set=
ac_cv_env_CPPFLAGS_value=
ac_cv_env_CPP_set=
ac_cv_env_CPP_value=
ac_cv_env_LDFLAGS_set=
ac_cv_env_LDFLAGS_value=
ac_cv_env_LIBS_set=
ac_cv_env_LIBS_value=
ac_cv_env_XMKMF_set=
ac_cv_env_XMKMF_value=
ac_cv_env_build_alias_set=
ac_cv_env_build_alias_value=
ac_cv_env_host_alias_set=
ac_cv_env_host_alias_value=
ac_cv_env_target_alias_set=
ac_cv_env_target_alias_value=
ac_cv_func_strstr=yes
ac_cv_have_x='have_x=yes	ac_x_includes='\'''\''	ac_x_libraries='\'''\'''
ac_cv_header_dirent_dirent_h=yes
ac_cv_header_inttypes_h=yes
ac_cv_header_memory_h=yes
ac_cv_header_stdc=yes
ac_cv_header_stdint_h=yes
ac_cv_header_stdlib_h=yes
ac_cv_header_string_h=yes
ac_cv_header_strings_h=yes
ac_cv_header_sys_stat_h=yes
ac_cv_header_sys_types_h=yes
ac_cv_header_sys_wait_h=yes
ac_cv_header_unistd_h=yes
ac_cv_lib_X11_main=yes
ac_cv_lib_Xext_main=yes
ac_cv_lib_m_sincos=yes
ac_cv_objext=o
ac_cv_path_EGREP='/usr/bin/grep -E'
ac_cv_path_GREP=/usr/bin/grep
ac_cv_path_config=/usr/bin/pkg-config
ac_cv_path_install='/usr/bin/install -c'
ac_cv_prog_AWK=gawk
ac_cv_prog_CPP='gcc -E'
ac_cv_prog_ac_ct_CC=gcc
ac_cv_prog_cc_c89=
ac_cv_prog_cc_g=yes
ac_cv_prog_make_make_set=yes
ac_cv_search_opendir='none required'
am_cv_CC_dependencies_compiler_type=gcc3

## ----------------- ##
## Output variables. ##
## ----------------- ##

ACLOCAL='${SHELL} /usr/local/google/home/guerrak/code/dockapps/wmfire-1.2.4/missing --run aclocal-1.9'
AMDEPBACKSLASH='\'
AMDEP_FALSE='#'
AMDEP_TRUE=''
AMTAR='${SHELL} /usr/local/google/home/guerrak/code/dockapps/wmfire-1.2.4/missing --run tar'
AUTOCONF='${SHELL} /usr/local/google/home/guerrak/code/dockapps/wmfire-1.2.4/missing --run autoconf'
AUTOHEADER='${SHELL} /usr/local/google/home/guerrak/code/dockapps/wmfire-1.2.4/missing --run autoheader'
AUTOMAKE='${SHELL} /usr/local/google/home/guerrak/code/dockapps/wmfire-1.2.4/missing --run automake-1.9'
AWK='gawk'
CC='gcc'
CCDEPMODE='depmode=gcc3'
CFLAGS='-g -O2 -pthread -I/usr/include/gtk-2.0 -I/usr/lib/x86_64-linux-gnu/gtk-2.0/include -I/usr/include/gio-unix-2.0 -I/usr/include/cairo -I/usr/include/pango-1.0 -I/usr/include/atk-1.0 -I/usr/include/cairo -I/usr/include/pixman-1 -I/usr/include/gdk-pixbuf-2.0 -I/usr/include/libmount -I/usr/include/blkid -I/usr/include/pango-1.0 -I/usr/include/harfbuzz -I/usr/include/pango-1.0 -I/usr/include/fribidi -I/usr/include/glib-2.0 -I/usr/lib/x86_64-linux-gnu/glib-2.0/include -I/usr/include/uuid -I/usr/include/freetype2 -I/usr/include/libpng16 -I/usr/include/libgtop-2.0 -I/usr/include/glib-2.0 -I/usr/lib/x86_64-linux-gnu/glib-2.0/include'
CPP='gcc -E'
CPPFLAGS=''
CYGPATH_W='echo'
DEFS='-DPACKAGE_NAME=\"\" -DPACKAGE_TARNAME=\"\" -DPACKAGE_VERSION=\"\" -DPACKAGE_STRING=\"\" -DPACKAGE_BUGREPORT=\"\" -DPACKAGE_URL=\"\" -DPACKAGE=\"wmfire\" -DVERSION=\"1.2.4\" -DHAVE_LIBX11=1 -DHAVE_LIBXEXT=1 -DHAVE_LIBM=1 -DHAVE_DIRENT_H=1 -DSTDC_HEADERS=1 -DHAVE_SYS_WAIT_H=1 -DHAVE_SYS_TYPES_H=1 -DHAVE_SYS_STAT_H=1 -DHAVE_STDLIB_H=1 -DHAVE_STRING_H=1 -DHAVE_MEMORY_H=1 -DHAVE_STRINGS_H=1 -DHAVE_INTTYPES_H=1 -DHAVE_STDINT_H=1 -DHAVE_UNISTD_H=1 -DHAVE_UNISTD_H=1 -DHAVE_STRSTR=1'
DEPDIR='.deps'
ECHO_C=''
ECHO_N='-n'
ECHO_T=''
EGREP='/usr/bin/grep -E'
EXEEXT=''
GREP='/usr/bin/grep'
INSTALL_DATA='${INSTALL} -m 644'
INSTALL_PROGRAM='${INSTALL}'
INSTALL_SCRIPT='${INSTALL}'
INSTALL_STRIP_PROGRAM='${SHELL} $(install_sh) -c -s'
LDFLAGS='  -lgdk-x11-2.0 -lpangocairo-1.0  -lcairo -lgdk_pixbuf-2.0 -lgio-2.0 -lpangoft2-1.0 -lpango-1.0 -lgobject-2.0 -lglib-2.0 -lfontconfig -lfreetype -lgtop-2.0 -lglib-2.0'
LIBOBJS=''
LIBS='-lm -lXext -lX11 '
LN_S='ln -s'
LTLIBOBJS=''
MAKEINFO='${SHELL} /usr/local/google/home/guerrak/code/dockapps/wmfire-1.2.4/missing --run makeinfo'
OBJEXT='o'
PACKAGE='wmfire'
PACKAGE_BUGREPORT=''
PACKAGE_NAME=''
PACKAGE_STRING=''
PACKAGE_TARNAME=''
PACKAGE_URL=''
PACKAGE_VERSION=''
PATH_SEPARATOR=':'
SESSION_FALSE=''
SESSION_TRUE='#'
SET_MAKE=''
SHELL='/bin/sh'
STRIP=''
VERSION='1.2.4'
XMKMF=''
ac_ct_CC='gcc'
am__fastdepCC_FALSE='#'
am__fastdepCC_TRUE=''
am__include='include'
am__leading_dot='.'
am__quote=''
am__tar='${AMTAR} chof - "$$tardir"'
am__untar='${AMTAR} xf -'
bindir='${exec_prefix}/bin'
build_alias=''
config='/usr/bin/pkg-config'
datadir='${datarootdir}'
datarootdir='${prefix}/share'
docdir='${datarootdir}/doc/${PACKAGE}'
dvidir='${docdir}'
exec_prefix='${prefix}'
host_alias=''
htmldir='${docdir}'
includedir='${prefix}/include'
infodir='${datarootdir}/info'
install_sh='/usr/local/google/home/guerrak/code/dockapps/wmfire-1.2.4/install-sh'
libdir='${exec_prefix}/lib'
libexecdir='${exec_prefix}/libexec'
localedir='${datarootdir}/locale'
localstatedir='${prefix}/var'
mandir='${datarootdir}/man'
mkdir_p='mkdir -p --'
oldincludedir='/usr/include'
pdfdir='${docdir}'
prefix='/usr'
program_transform_name='s,x,x,'
psdir='${docdir}'
runstatedir='${localstatedir}/run'
sbindir='${exec_prefix}/sbin'
sharedstatedir='${prefix}/com'
sysconfdir='${prefix}/etc'
target_alias=''

## ----------- ##
## confdefs.h. ##
## ----------- ##

/* confdefs.h */
#define PACKAGE_NAME ""
#define PACKAGE_TARNAME ""
#define PACKAGE_VERSION ""
#define PACKAGE_STRING ""
#define PACKAGE_BUGREPORT ""
#define PACKAGE_URL ""
#define PACKAGE "wmfire"
#define VERSION "1.2.4"
#define HAVE_LIBX11 1
#define HAVE_LIBXEXT 1
#define HAVE_LIBM 1
#define HAVE_DIRENT_H 1
#define STDC_HEADERS 1
#define HAVE_SYS_WAIT_H 1
#define HAVE_SYS_TYPES_H 1
#define HAVE_SYS_STAT_H 1
#define HAVE_STDLIB_H 1
#define HAVE_STRING_H 1
#define HAVE_MEMORY_H 1
#define HAVE_STRINGS_H 1
#define HAVE_INTTYPES_H 1
#define HAVE_STDINT_H 1
#define HAVE_UNISTD_H 1
#define HAVE_UNISTD_H 1
#define HAVE_STRSTR 1

configure: exit 0

## ---------------------- ##
## Running config.status. ##
## ---------------------- ##

This file was extended by config.status, which was
generated by GNU Autoconf 2.69.  Invocation command line was

  CONFIG_FILES    = 
  CONFIG_HEADERS  = 
  CONFIG_LINKS    = 
  CONFIG_COMMANDS = 
  $ ./config.status 

on guerrak.mtv.corp.google.com

config.status:775: creating Makefile
config.status:878: WARNING:  'Makefile.in' seems to ignore the --datarootdir setting
config.status:775: creating src/Makefile
config.status:878: WARNING:  'src/Makefile.in' seems to ignore the --datarootdir setting
config.status:941: executing depfiles commands
