This file contains any messages produced by compilers while
running configure, to aid debugging if configure makes a mistake.

It was created by configure, which was
generated by GNU Autoconf 2.59.  Invocation command line was

  $ ./configure --prefix=/usr

## --------- ##
## Platform. ##
## --------- ##

hostname = guerrak.mtv.corp.google.com
uname -m = x86_64
uname -r = 4.19.67-2rodete2-amd64
uname -s = Linux
uname -v = #1 SMP Debian 4.19.67-2rodete2 (2019-10-08 > 2018)

/usr/bin/uname -p = unknown
/bin/uname -X     = unknown

/bin/arch              = x86_64
/usr/bin/arch -k       = unknown
/usr/convex/getsysinfo = unknown
hostinfo               = unknown
/bin/machine           = unknown
/usr/bin/oslevel       = unknown
/bin/universe          = unknown

PATH: /usr/lib/google-golang/bin
PATH: /usr/local/buildtools/java/jdk/bin
PATH: /usr/local/sbin
PATH: /usr/local/bin
PATH: /usr/sbin
PATH: /usr/bin
PATH: /sbin
PATH: /bin
PATH: /usr/local/google/home/guerrak/bin
PATH: /usr/ubin
PATH: /usr/local/bin
PATH: /usr/games


## ----------- ##
## Core tests. ##
## ----------- ##

configure:1349: checking for a BSD-compatible install
configure:1404: result: /usr/bin/install -c
configure:1415: checking whether build environment is sane
configure:1458: result: yes
configure:1523: checking for gawk
configure:1539: found /usr/bin/gawk
configure:1549: result: gawk
configure:1559: checking whether make sets $(MAKE)
configure:1579: result: yes
configure:1752: checking for gawk
configure:1778: result: gawk
configure:1834: checking for gcc
configure:1850: found /usr/bin/gcc
configure:1860: result: gcc
configure:2104: checking for C compiler version
configure:2107: gcc --version </dev/null >&5
gcc (Debian 8.3.0-6) 8.3.0
Copyright (C) 2018 Free Software Foundation, Inc.
This is free software; see the source for copying conditions.  There is NO
warranty; not even for MERCHANTABILITY or FITNESS FOR A PARTICULAR PURPOSE.

configure:2110: $? = 0
configure:2112: gcc -v </dev/null >&5
Using built-in specs.
COLLECT_GCC=gcc
COLLECT_LTO_WRAPPER=/usr/lib/gcc/x86_64-linux-gnu/8/lto-wrapper
OFFLOAD_TARGET_NAMES=nvptx-none
OFFLOAD_TARGET_DEFAULT=1
Target: x86_64-linux-gnu
Configured with: ../src/configure -v --with-pkgversion='Debian 8.3.0-6' --with-bugurl=file:///usr/share/doc/gcc-8/README.Bugs --enable-languages=c,ada,c++,go,brig,d,fortran,objc,obj-c++ --prefix=/usr --with-gcc-major-version-only --program-suffix=-8 --program-prefix=x86_64-linux-gnu- --enable-shared --enable-linker-build-id --libexecdir=/usr/lib --without-included-gettext --enable-threads=posix --libdir=/usr/lib --enable-nls --enable-bootstrap --enable-clocale=gnu --enable-libstdcxx-debug --enable-libstdcxx-time=yes --with-default-libstdcxx-abi=new --enable-gnu-unique-object --disable-vtable-verify --enable-libmpx --enable-plugin --enable-default-pie --with-system-zlib --with-target-system-zlib --enable-objc-gc=auto --enable-multiarch --disable-werror --with-arch-32=i686 --with-abi=m64 --with-multilib-list=m32,m64,mx32 --enable-multilib --with-tune=generic --enable-offload-targets=nvptx-none --without-cuda-driver --enable-checking=release --build=x86_64-linux-gnu --host=x86_64-linux-gnu --target=x86_64-linux-gnu
Thread model: posix
gcc version 8.3.0 (Debian 8.3.0-6) 
configure:2115: $? = 0
configure:2117: gcc -V </dev/null >&5
gcc: error: unrecognized command line option '-V'
gcc: fatal error: no input files
compilation terminated.
configure:2120: $? = 1
configure:2143: checking for C compiler default output file name
configure:2146: gcc    conftest.c  >&5
configure:2149: $? = 0
configure:2195: result: a.out
configure:2200: checking whether the C compiler works
configure:2206: ./a.out
configure:2209: $? = 0
configure:2226: result: yes
configure:2233: checking whether we are cross compiling
configure:2235: result: no
configure:2238: checking for suffix of executables
configure:2240: gcc -o conftest    conftest.c  >&5
configure:2243: $? = 0
configure:2268: result: 
configure:2274: checking for suffix of object files
configure:2295: gcc -c   conftest.c >&5
configure:2298: $? = 0
configure:2320: result: o
configure:2324: checking whether we are using the GNU C compiler
configure:2348: gcc -c   conftest.c >&5
configure:2354: $? = 0
configure:2358: test -z 
			 || test ! -s conftest.err
configure:2361: $? = 0
configure:2364: test -s conftest.o
configure:2367: $? = 0
configure:2380: result: yes
configure:2386: checking whether gcc accepts -g
configure:2407: gcc -c -g  conftest.c >&5
configure:2413: $? = 0
configure:2417: test -z 
			 || test ! -s conftest.err
configure:2420: $? = 0
configure:2423: test -s conftest.o
configure:2426: $? = 0
configure:2437: result: yes
configure:2454: checking for gcc option to accept ANSI C
configure:2524: gcc  -c -g -O2  conftest.c >&5
configure:2530: $? = 0
configure:2534: test -z 
			 || test ! -s conftest.err
configure:2537: $? = 0
configure:2540: test -s conftest.o
configure:2543: $? = 0
configure:2561: result: none needed
configure:2579: gcc -c -g -O2  conftest.c >&5
conftest.c:2:3: error: unknown type name 'choke'
   choke me
   ^~~~~
conftest.c:2:3: error: expected '=', ',', ';', 'asm' or '__attribute__' at end of input
configure:2585: $? = 1
configure: failed program was:
| #ifndef __cplusplus
|   choke me
| #endif
configure:2729: checking for style of include used by make
configure:2757: result: GNU
configure:2785: checking dependency style of gcc
configure:2875: result: gcc3
configure:2905: checking for a BSD-compatible install
configure:2960: result: /usr/bin/install -c
configure:2971: checking whether ln -s works
configure:2975: result: yes
configure:2989: checking how to run the C preprocessor
configure:3024: gcc -E  conftest.c
configure:3030: $? = 0
configure:3062: gcc -E  conftest.c
conftest.c:11:10: fatal error: ac_nonexistent.h: No such file or directory
 #include <ac_nonexistent.h>
          ^~~~~~~~~~~~~~~~~~
compilation terminated.
configure:3068: $? = 1
configure: failed program was:
| /* confdefs.h.  */
| 
| #define PACKAGE_NAME ""
| #define PACKAGE_TARNAME ""
| #define PACKAGE_VERSION ""
| #define PACKAGE_STRING ""
| #define PACKAGE_BUGREPORT ""
| #define PACKAGE "wmlife"
| #define VERSION "1.0.0"
| /* end confdefs.h.  */
| #include <ac_nonexistent.h>
configure:3107: result: gcc -E
configure:3131: gcc -E  conftest.c
configure:3137: $? = 0
configure:3169: gcc -E  conftest.c
conftest.c:11:10: fatal error: ac_nonexistent.h: No such file or directory
 #include <ac_nonexistent.h>
          ^~~~~~~~~~~~~~~~~~
compilation terminated.
configure:3175: $? = 1
configure: failed program was:
| /* confdefs.h.  */
| 
| #define PACKAGE_NAME ""
| #define PACKAGE_TARNAME ""
| #define PACKAGE_VERSION ""
| #define PACKAGE_STRING ""
| #define PACKAGE_BUGREPORT ""
| #define PACKAGE "wmlife"
| #define VERSION "1.0.0"
| /* end confdefs.h.  */
| #include <ac_nonexistent.h>
configure:3219: checking for X
configure:3324: gcc -E  conftest.c
configure:3330: $? = 0
configure:3380: gcc -o conftest -g -O2   conftest.c -lXt  >&5
configure:3386: $? = 0
configure:3390: test -z 
			 || test ! -s conftest.err
configure:3393: $? = 0
configure:3396: test -s conftest
configure:3399: $? = 0
configure:3449: result: libraries , headers 
configure:3454: checking for main in -lX11
configure:3478: gcc -o conftest -g -O2   conftest.c -lX11   >&5
configure:3484: $? = 0
configure:3488: test -z 
			 || test ! -s conftest.err
configure:3491: $? = 0
configure:3494: test -s conftest
configure:3497: $? = 0
configure:3510: result: yes
configure:3522: checking for main in -lXext
configure:3546: gcc -o conftest -g -O2   conftest.c -lXext  -lX11  >&5
configure:3552: $? = 0
configure:3556: test -z 
			 || test ! -s conftest.err
configure:3559: $? = 0
configure:3562: test -s conftest
configure:3565: $? = 0
configure:3578: result: yes
configure:3598: checking for dirent.h that defines DIR
configure:3622: gcc -c -g -O2  conftest.c >&5
configure:3628: $? = 0
configure:3632: test -z 
			 || test ! -s conftest.err
configure:3635: $? = 0
configure:3638: test -s conftest.o
configure:3641: $? = 0
configure:3652: result: yes
configure:3665: checking for library containing opendir
configure:3695: gcc -o conftest -g -O2   conftest.c -lXext -lX11  >&5
configure:3701: $? = 0
configure:3705: test -z 
			 || test ! -s conftest.err
configure:3708: $? = 0
configure:3711: test -s conftest
configure:3714: $? = 0
configure:3784: result: none required
configure:3920: checking for egrep
configure:3930: result: grep -E
configure:3935: checking for ANSI C header files
configure:3960: gcc -c -g -O2  conftest.c >&5
configure:3966: $? = 0
configure:3970: test -z 
			 || test ! -s conftest.err
configure:3973: $? = 0
configure:3976: test -s conftest.o
configure:3979: $? = 0
configure:4068: gcc -o conftest -g -O2   conftest.c -lXext -lX11  >&5
conftest.c: In function 'main':
conftest.c:31:7: warning: implicit declaration of function 'exit' [-Wimplicit-function-declaration]
       exit(2);
       ^~~~
conftest.c:31:7: warning: incompatible implicit declaration of built-in function 'exit'
conftest.c:31:7: note: include '<stdlib.h>' or provide a declaration of 'exit'
conftest.c:15:1:
+#include <stdlib.h>
 #if ((' ' & 0x0FF) == 0x020)
conftest.c:31:7:
       exit(2);
       ^~~~
conftest.c:32:3: warning: incompatible implicit declaration of built-in function 'exit'
   exit (0);
   ^~~~
conftest.c:32:3: note: include '<stdlib.h>' or provide a declaration of 'exit'
configure:4071: $? = 0
configure:4073: ./conftest
configure:4076: $? = 0
configure:4091: result: yes
configure:4101: checking for sys/wait.h that is POSIX.1 compatible
configure:4132: gcc -c -g -O2  conftest.c >&5
configure:4138: $? = 0
configure:4142: test -z 
			 || test ! -s conftest.err
configure:4145: $? = 0
configure:4148: test -s conftest.o
configure:4151: $? = 0
configure:4162: result: yes
configure:4186: checking for sys/types.h
configure:4202: gcc -c -g -O2  conftest.c >&5
configure:4208: $? = 0
configure:4212: test -z 
			 || test ! -s conftest.err
configure:4215: $? = 0
configure:4218: test -s conftest.o
configure:4221: $? = 0
configure:4232: result: yes
configure:4186: checking for sys/stat.h
configure:4202: gcc -c -g -O2  conftest.c >&5
configure:4208: $? = 0
configure:4212: test -z 
			 || test ! -s conftest.err
configure:4215: $? = 0
configure:4218: test -s conftest.o
configure:4221: $? = 0
configure:4232: result: yes
configure:4186: checking for stdlib.h
configure:4202: gcc -c -g -O2  conftest.c >&5
configure:4208: $? = 0
configure:4212: test -z 
			 || test ! -s conftest.err
configure:4215: $? = 0
configure:4218: test -s conftest.o
configure:4221: $? = 0
configure:4232: result: yes
configure:4186: checking for string.h
configure:4202: gcc -c -g -O2  conftest.c >&5
configure:4208: $? = 0
configure:4212: test -z 
			 || test ! -s conftest.err
configure:4215: $? = 0
configure:4218: test -s conftest.o
configure:4221: $? = 0
configure:4232: result: yes
configure:4186: checking for memory.h
configure:4202: gcc -c -g -O2  conftest.c >&5
configure:4208: $? = 0
configure:4212: test -z 
			 || test ! -s conftest.err
configure:4215: $? = 0
configure:4218: test -s conftest.o
configure:4221: $? = 0
configure:4232: result: yes
configure:4186: checking for strings.h
configure:4202: gcc -c -g -O2  conftest.c >&5
configure:4208: $? = 0
configure:4212: test -z 
			 || test ! -s conftest.err
configure:4215: $? = 0
configure:4218: test -s conftest.o
configure:4221: $? = 0
configure:4232: result: yes
configure:4186: checking for inttypes.h
configure:4202: gcc -c -g -O2  conftest.c >&5
configure:4208: $? = 0
configure:4212: test -z 
			 || test ! -s conftest.err
configure:4215: $? = 0
configure:4218: test -s conftest.o
configure:4221: $? = 0
configure:4232: result: yes
configure:4186: checking for stdint.h
configure:4202: gcc -c -g -O2  conftest.c >&5
configure:4208: $? = 0
configure:4212: test -z 
			 || test ! -s conftest.err
configure:4215: $? = 0
configure:4218: test -s conftest.o
configure:4221: $? = 0
configure:4232: result: yes
configure:4186: checking for unistd.h
configure:4202: gcc -c -g -O2  conftest.c >&5
configure:4208: $? = 0
configure:4212: test -z 
			 || test ! -s conftest.err
configure:4215: $? = 0
configure:4218: test -s conftest.o
configure:4221: $? = 0
configure:4232: result: yes
configure:4249: checking for unistd.h
configure:4254: result: yes
configure:4395: checking for an ANSI C-conforming const
configure:4462: gcc -c -g -O2  conftest.c >&5
configure:4468: $? = 0
configure:4472: test -z 
			 || test ! -s conftest.err
configure:4475: $? = 0
configure:4478: test -s conftest.o
configure:4481: $? = 0
configure:4492: result: yes
configure:4537: checking for pkg-config
configure:4555: found /usr/bin/pkg-config
configure:4567: result: /usr/bin/pkg-config
configure:4575: checking for gdk2 includes
configure:4582: result: -pthread -I/usr/include/gtk-2.0 -I/usr/lib/x86_64-linux-gnu/gtk-2.0/include -I/usr/include/gio-unix-2.0 -I/usr/include/cairo -I/usr/include/pango-1.0 -I/usr/include/atk-1.0 -I/usr/include/cairo -I/usr/include/pixman-1 -I/usr/include/gdk-pixbuf-2.0 -I/usr/include/libmount -I/usr/include/blkid -I/usr/include/pango-1.0 -I/usr/include/harfbuzz -I/usr/include/pango-1.0 -I/usr/include/fribidi -I/usr/include/glib-2.0 -I/usr/lib/x86_64-linux-gnu/glib-2.0/include -I/usr/include/uuid -I/usr/include/freetype2 -I/usr/include/libpng16
configure:4584: checking for gdk2 libs
configure:4591: result:  -lgdk-x11-2.0 -lpangocairo-1.0  -lcairo -lgdk_pixbuf-2.0 -lgio-2.0 -lpangoft2-1.0 -lpango-1.0 -lgobject-2.0 -lglib-2.0 -lfontconfig -lfreetype
configure:4745: creating ./config.status

## ---------------------- ##
## Running config.status. ##
## ---------------------- ##

This file was extended by config.status, which was
generated by GNU Autoconf 2.59.  Invocation command line was

  CONFIG_FILES    = 
  CONFIG_HEADERS  = 
  CONFIG_LINKS    = 
  CONFIG_COMMANDS = 
  $ ./config.status 

on guerrak.mtv.corp.google.com

config.status:672: creating Makefile
config.status:672: creating src/Makefile
config.status:855: executing depfiles commands

## ---------------- ##
## Cache variables. ##
## ---------------- ##

ac_cv_c_compiler_gnu=yes
ac_cv_c_const=yes
ac_cv_env_CC_set=
ac_cv_env_CC_value=
ac_cv_env_CFLAGS_set=
ac_cv_env_CFLAGS_value=
ac_cv_env_CPPFLAGS_set=
ac_cv_env_CPPFLAGS_value=
ac_cv_env_CPP_set=
ac_cv_env_CPP_value=
ac_cv_env_LDFLAGS_set=
ac_cv_env_LDFLAGS_value=
ac_cv_env_build_alias_set=
ac_cv_env_build_alias_value=
ac_cv_env_host_alias_set=
ac_cv_env_host_alias_value=
ac_cv_env_target_alias_set=
ac_cv_env_target_alias_value=
ac_cv_exeext=
ac_cv_have_x='have_x=yes 		ac_x_includes= ac_x_libraries='
ac_cv_header_dirent_dirent_h=yes
ac_cv_header_inttypes_h=yes
ac_cv_header_memory_h=yes
ac_cv_header_stdc=yes
ac_cv_header_stdint_h=yes
ac_cv_header_stdlib_h=yes
ac_cv_header_string_h=yes
ac_cv_header_strings_h=yes
ac_cv_header_sys_stat_h=yes
ac_cv_header_sys_types_h=yes
ac_cv_header_sys_wait_h=yes
ac_cv_header_unistd_h=yes
ac_cv_lib_X11_main=yes
ac_cv_lib_Xext_main=yes
ac_cv_objext=o
ac_cv_path_config=/usr/bin/pkg-config
ac_cv_path_install='/usr/bin/install -c'
ac_cv_prog_AWK=gawk
ac_cv_prog_CPP='gcc -E'
ac_cv_prog_ac_ct_CC=gcc
ac_cv_prog_cc_g=yes
ac_cv_prog_cc_stdc=
ac_cv_prog_egrep='grep -E'
ac_cv_prog_make_make_set=yes
ac_cv_search_opendir='none required'
am_cv_CC_dependencies_compiler_type=gcc3

## ----------------- ##
## Output variables. ##
## ----------------- ##

ACLOCAL='${SHELL} /usr/local/google/home/guerrak/code/dockapps/wmlife-1.0.1/missing --run aclocal-1.9'
AMDEPBACKSLASH='\'
AMDEP_FALSE='#'
AMDEP_TRUE=''
AMTAR='${SHELL} /usr/local/google/home/guerrak/code/dockapps/wmlife-1.0.1/missing --run tar'
AUTOCONF='${SHELL} /usr/local/google/home/guerrak/code/dockapps/wmlife-1.0.1/missing --run autoconf'
AUTOHEADER='${SHELL} /usr/local/google/home/guerrak/code/dockapps/wmlife-1.0.1/missing --run autoheader'
AUTOMAKE='${SHELL} /usr/local/google/home/guerrak/code/dockapps/wmlife-1.0.1/missing --run automake-1.9'
AWK='gawk'
CC='gcc'
CCDEPMODE='depmode=gcc3'
CFLAGS='-g -O2 -pthread -I/usr/include/gtk-2.0 -I/usr/lib/x86_64-linux-gnu/gtk-2.0/include -I/usr/include/gio-unix-2.0 -I/usr/include/cairo -I/usr/include/pango-1.0 -I/usr/include/atk-1.0 -I/usr/include/cairo -I/usr/include/pixman-1 -I/usr/include/gdk-pixbuf-2.0 -I/usr/include/libmount -I/usr/include/blkid -I/usr/include/pango-1.0 -I/usr/include/harfbuzz -I/usr/include/pango-1.0 -I/usr/include/fribidi -I/usr/include/glib-2.0 -I/usr/lib/x86_64-linux-gnu/glib-2.0/include -I/usr/include/uuid -I/usr/include/freetype2 -I/usr/include/libpng16'
CPP='gcc -E'
CPPFLAGS=''
CYGPATH_W='echo'
DEFS='-DPACKAGE_NAME=\"\" -DPACKAGE_TARNAME=\"\" -DPACKAGE_VERSION=\"\" -DPACKAGE_STRING=\"\" -DPACKAGE_BUGREPORT=\"\" -DPACKAGE=\"wmlife\" -DVERSION=\"1.0.0\" -DHAVE_LIBX11=1 -DHAVE_LIBXEXT=1 -DHAVE_DIRENT_H=1 -DSTDC_HEADERS=1 -DHAVE_SYS_WAIT_H=1 -DHAVE_SYS_TYPES_H=1 -DHAVE_SYS_STAT_H=1 -DHAVE_STDLIB_H=1 -DHAVE_STRING_H=1 -DHAVE_MEMORY_H=1 -DHAVE_STRINGS_H=1 -DHAVE_INTTYPES_H=1 -DHAVE_STDINT_H=1 -DHAVE_UNISTD_H=1 -DHAVE_UNISTD_H=1 '
DEPDIR='.deps'
ECHO_C=''
ECHO_N='-n'
ECHO_T=''
EGREP='grep -E'
EXEEXT=''
INSTALL_DATA='${INSTALL} -m 644'
INSTALL_PROGRAM='${INSTALL}'
INSTALL_SCRIPT='${INSTALL}'
INSTALL_STRIP_PROGRAM='${SHELL} $(install_sh) -c -s'
LDFLAGS='  -lgdk-x11-2.0 -lpangocairo-1.0  -lcairo -lgdk_pixbuf-2.0 -lgio-2.0 -lpangoft2-1.0 -lpango-1.0 -lgobject-2.0 -lglib-2.0 -lfontconfig -lfreetype'
LIBOBJS=''
LIBS='-lXext -lX11 '
LN_S='ln -s'
LTLIBOBJS=''
MAKEINFO='${SHELL} /usr/local/google/home/guerrak/code/dockapps/wmlife-1.0.1/missing --run makeinfo'
OBJEXT='o'
PACKAGE='wmlife'
PACKAGE_BUGREPORT=''
PACKAGE_NAME=''
PACKAGE_STRING=''
PACKAGE_TARNAME=''
PACKAGE_VERSION=''
PATH_SEPARATOR=':'
SESSION_FALSE=''
SESSION_TRUE='#'
SET_MAKE=''
SHELL='/bin/sh'
STRIP=''
VERSION='1.0.0'
ac_ct_CC='gcc'
ac_ct_STRIP=''
am__fastdepCC_FALSE='#'
am__fastdepCC_TRUE=''
am__include='include'
am__leading_dot='.'
am__quote=''
am__tar='${AMTAR} chof - "$$tardir"'
am__untar='${AMTAR} xf -'
bindir='${exec_prefix}/bin'
build_alias=''
config='/usr/bin/pkg-config'
datadir='${prefix}/share'
exec_prefix='${prefix}'
host_alias=''
includedir='${prefix}/include'
infodir='${prefix}/info'
install_sh='/usr/local/google/home/guerrak/code/dockapps/wmlife-1.0.1/install-sh'
libdir='${exec_prefix}/lib'
libexecdir='${exec_prefix}/libexec'
localstatedir='${prefix}/var'
mandir='${prefix}/man'
mkdir_p='mkdir -p --'
oldincludedir='/usr/include'
prefix='/usr'
program_transform_name='s,x,x,'
sbindir='${exec_prefix}/sbin'
sharedstatedir='${prefix}/com'
sysconfdir='${prefix}/etc'
target_alias=''

## ----------- ##
## confdefs.h. ##
## ----------- ##

#define HAVE_DIRENT_H 1
#define HAVE_INTTYPES_H 1
#define HAVE_LIBX11 1
#define HAVE_LIBXEXT 1
#define HAVE_MEMORY_H 1
#define HAVE_STDINT_H 1
#define HAVE_STDLIB_H 1
#define HAVE_STRINGS_H 1
#define HAVE_STRING_H 1
#define HAVE_SYS_STAT_H 1
#define HAVE_SYS_TYPES_H 1
#define HAVE_SYS_WAIT_H 1
#define HAVE_UNISTD_H 1
#define HAVE_UNISTD_H 1
#define PACKAGE "wmlife"
#define PACKAGE_BUGREPORT ""
#define PACKAGE_NAME ""
#define PACKAGE_STRING ""
#define PACKAGE_TARNAME ""
#define PACKAGE_VERSION ""
#define STDC_HEADERS 1
#define VERSION "1.0.0"

configure: exit 0
