This file contains any messages produced by compilers while
running configure, to aid debugging if configure makes a mistake.

It was created by libdockapp configure 0.7.2, which was
generated by GNU Autoconf 2.69.  Invocation command line was

  $ ./configure --prefix=/usr

## --------- ##
## Platform. ##
## --------- ##

hostname = guerrak.mtv.corp.google.com
uname -m = x86_64
uname -r = 4.19.67-2rodete2-amd64
uname -s = Linux
uname -v = #1 SMP Debian 4.19.67-2rodete2 (2019-10-08 > 2018)

/usr/bin/uname -p = unknown
/bin/uname -X     = unknown

/bin/arch              = x86_64
/usr/bin/arch -k       = unknown
/usr/convex/getsysinfo = unknown
/usr/bin/hostinfo      = unknown
/bin/machine           = unknown
/usr/bin/oslevel       = unknown
/bin/universe          = unknown

PATH: /usr/lib/google-golang/bin
PATH: /usr/local/buildtools/java/jdk/bin
PATH: /usr/local/sbin
PATH: /usr/local/bin
PATH: /usr/sbin
PATH: /usr/bin
PATH: /sbin
PATH: /bin
PATH: /usr/local/google/home/guerrak/bin
PATH: /usr/ubin
PATH: /usr/local/bin
PATH: /usr/games


## ----------- ##
## Core tests. ##
## ----------- ##

configure:2225: checking for a BSD-compatible install
configure:2293: result: /usr/bin/install -c
configure:2304: checking whether build environment is sane
configure:2359: result: yes
configure:2508: checking for a thread-safe mkdir -p
configure:2547: result: /usr/bin/mkdir -p
configure:2554: checking for gawk
configure:2570: found /usr/bin/gawk
configure:2581: result: gawk
configure:2592: checking whether make sets $(MAKE)
configure:2614: result: yes
configure:2643: checking whether make supports nested variables
configure:2660: result: yes
configure:2816: checking build system type
configure:2830: result: x86_64-pc-linux-gnu
configure:2850: checking host system type
configure:2863: result: x86_64-pc-linux-gnu
configure:2904: checking how to print strings
configure:2931: result: printf
configure:2956: checking whether make supports the include directive
configure:2971: make -f confmf.GNU && cat confinc.out
this is the am__doit target
configure:2974: $? = 0
configure:2993: result: yes (GNU style)
configure:3063: checking for gcc
configure:3079: found /usr/bin/gcc
configure:3090: result: gcc
configure:3319: checking for C compiler version
configure:3328: gcc --version >&5
gcc (Debian 8.3.0-6) 8.3.0
Copyright (C) 2018 Free Software Foundation, Inc.
This is free software; see the source for copying conditions.  There is NO
warranty; not even for MERCHANTABILITY or FITNESS FOR A PARTICULAR PURPOSE.

configure:3339: $? = 0
configure:3328: gcc -v >&5
Using built-in specs.
COLLECT_GCC=gcc
COLLECT_LTO_WRAPPER=/usr/lib/gcc/x86_64-linux-gnu/8/lto-wrapper
OFFLOAD_TARGET_NAMES=nvptx-none
OFFLOAD_TARGET_DEFAULT=1
Target: x86_64-linux-gnu
Configured with: ../src/configure -v --with-pkgversion='Debian 8.3.0-6' --with-bugurl=file:///usr/share/doc/gcc-8/README.Bugs --enable-languages=c,ada,c++,go,brig,d,fortran,objc,obj-c++ --prefix=/usr --with-gcc-major-version-only --program-suffix=-8 --program-prefix=x86_64-linux-gnu- --enable-shared --enable-linker-build-id --libexecdir=/usr/lib --without-included-gettext --enable-threads=posix --libdir=/usr/lib --enable-nls --enable-bootstrap --enable-clocale=gnu --enable-libstdcxx-debug --enable-libstdcxx-time=yes --with-default-libstdcxx-abi=new --enable-gnu-unique-object --disable-vtable-verify --enable-libmpx --enable-plugin --enable-default-pie --with-system-zlib --with-target-system-zlib --enable-objc-gc=auto --enable-multiarch --disable-werror --with-arch-32=i686 --with-abi=m64 --with-multilib-list=m32,m64,mx32 --enable-multilib --with-tune=generic --enable-offload-targets=nvptx-none --without-cuda-driver --enable-checking=release --build=x86_64-linux-gnu --host=x86_64-linux-gnu --target=x86_64-linux-gnu
Thread model: posix
gcc version 8.3.0 (Debian 8.3.0-6) 
configure:3339: $? = 0
configure:3328: gcc -V >&5
gcc: error: unrecognized command line option '-V'
gcc: fatal error: no input files
compilation terminated.
configure:3339: $? = 1
configure:3328: gcc -qversion >&5
gcc: error: unrecognized command line option '-qversion'; did you mean '--version'?
gcc: fatal error: no input files
compilation terminated.
configure:3339: $? = 1
configure:3359: checking whether the C compiler works
configure:3381: gcc    conftest.c  >&5
configure:3385: $? = 0
configure:3433: result: yes
configure:3436: checking for C compiler default output file name
configure:3438: result: a.out
configure:3444: checking for suffix of executables
configure:3451: gcc -o conftest    conftest.c  >&5
configure:3455: $? = 0
configure:3477: result: 
configure:3499: checking whether we are cross compiling
configure:3507: gcc -o conftest    conftest.c  >&5
configure:3511: $? = 0
configure:3518: ./conftest
configure:3522: $? = 0
configure:3510: result: no
configure:3515: checking for suffix of object files
configure:3537: gcc -c   conftest.c >&5
configure:3541: $? = 0
configure:3562: result: o
configure:3566: checking whether we are using the GNU C compiler
configure:3585: gcc -c   conftest.c >&5
configure:3585: $? = 0
configure:3594: result: yes
configure:3603: checking whether gcc accepts -g
configure:3623: gcc -c -g  conftest.c >&5
configure:3623: $? = 0
configure:3664: result: yes
configure:3681: checking for gcc option to accept ISO C89
configure:3744: gcc  -c -g -O2  conftest.c >&5
configure:3744: $? = 0
configure:3757: result: none needed
configure:3782: checking whether gcc understands -c and -o together
configure:3804: gcc -c conftest.c -o conftest2.o
configure:3807: $? = 0
configure:3804: gcc -c conftest.c -o conftest2.o
configure:3807: $? = 0
configure:3819: result: yes
configure:3838: checking dependency style of gcc
configure:3949: result: none
configure:3964: checking for a sed that does not truncate output
configure:4028: result: /usr/bin/sed
configure:4046: checking for grep that handles long lines and -e
configure:4104: result: /usr/bin/grep
configure:4109: checking for egrep
configure:4171: result: /usr/bin/grep -E
configure:4176: checking for fgrep
configure:4238: result: /usr/bin/grep -F
configure:4273: checking for ld used by gcc
configure:4340: result: /usr/bin/ld
configure:4347: checking if the linker (/usr/bin/ld) is GNU ld
configure:4362: result: yes
configure:4374: checking for BSD- or MS-compatible name lister (nm)
configure:4428: result: /usr/bin/nm -B
configure:4558: checking the name lister (/usr/bin/nm -B) interface
configure:4565: gcc -c -g -O2  conftest.c >&5
configure:4568: /usr/bin/nm -B "conftest.o"
configure:4571: output
0000000000000000 B some_variable
configure:4572: result: BSD nm
configure:4575: checking whether ln -s works
configure:4579: result: yes
configure:4587: checking the maximum length of command line arguments
configure:4718: result: 1572864
configure:4766: checking how to convert x86_64-pc-linux-gnu file names to x86_64-pc-linux-gnu format
configure:4806: result: func_convert_file_noop
configure:4813: checking how to convert x86_64-pc-linux-gnu file names to toolchain format
configure:4833: result: func_convert_file_noop
configure:4840: checking for /usr/bin/ld option to reload object files
configure:4847: result: -r
configure:4921: checking for objdump
configure:4937: found /usr/bin/objdump
configure:4948: result: objdump
configure:4980: checking how to recognize dependent libraries
configure:5180: result: pass_all
configure:5265: checking for dlltool
configure:5295: result: no
configure:5325: checking how to associate runtime and link libraries
configure:5352: result: printf %s\n
configure:5413: checking for ar
configure:5429: found /usr/bin/ar
configure:5440: result: ar
configure:5477: checking for archiver @FILE support
configure:5494: gcc -c -g -O2  conftest.c >&5
configure:5494: $? = 0
configure:5497: ar cru libconftest.a @conftest.lst >&5
ar: `u' modifier ignored since `D' is the default (see `U')
configure:5500: $? = 0
configure:5505: ar cru libconftest.a @conftest.lst >&5
ar: `u' modifier ignored since `D' is the default (see `U')
ar: conftest.o: No such file or directory
configure:5508: $? = 1
configure:5507: result: @
configure:5565: checking for strip
configure:5581: found /usr/bin/strip
configure:5592: result: strip
configure:5664: checking for ranlib
configure:5680: found /usr/bin/ranlib
configure:5691: result: ranlib
configure:5793: checking command to parse /usr/bin/nm -B output from gcc object
configure:5946: gcc -c -g -O2  conftest.c >&5
configure:5949: $? = 0
configure:5953: /usr/bin/nm -B conftest.o | sed -n -e 's/^.*[	 ]\([ABCDGIRSTW][ABCDGIRSTW]*\)[	 ][	 ]*\([_A-Za-z][_A-Za-z0-9]*\)$/\1 \2 \2/p' | sed '/ __gnu_lto/d' > conftest.nm
configure:6019: gcc -o conftest -g -O2   conftest.c conftstm.o >&5
configure:6022: $? = 0
configure:6060: result: ok
configure:6107: checking for sysroot
configure:6137: result: no
configure:6144: checking for a working dd
configure:6182: result: /usr/bin/dd
configure:6186: checking how to truncate binary pipes
configure:6201: result: /usr/bin/dd bs=4096 count=1
configure:6337: gcc -c -g -O2  conftest.c >&5
configure:6340: $? = 0
configure:6530: checking for mt
configure:6546: found /usr/bin/mt
configure:6557: result: mt
configure:6580: checking if mt is a manifest tool
configure:6586: mt '-?'
configure:6594: result: no
configure:7271: checking how to run the C preprocessor
configure:7302: gcc -E  conftest.c
configure:7302: $? = 0
configure:7316: gcc -E  conftest.c
conftest.c:11:10: fatal error: ac_nonexistent.h: No such file or directory
 #include <ac_nonexistent.h>
          ^~~~~~~~~~~~~~~~~~
compilation terminated.
configure:7316: $? = 1
configure: failed program was:
| /* confdefs.h */
| #define PACKAGE_NAME "libdockapp"
| #define PACKAGE_TARNAME "libdockapp"
| #define PACKAGE_VERSION "0.7.2"
| #define PACKAGE_STRING "libdockapp 0.7.2"
| #define PACKAGE_BUGREPORT "wmaker-dev@googlegroups.com"
| #define PACKAGE_URL ""
| #define PACKAGE "libdockapp"
| #define VERSION "0.7.2"
| /* end confdefs.h.  */
| #include <ac_nonexistent.h>
configure:7341: result: gcc -E
configure:7361: gcc -E  conftest.c
configure:7361: $? = 0
configure:7375: gcc -E  conftest.c
conftest.c:11:10: fatal error: ac_nonexistent.h: No such file or directory
 #include <ac_nonexistent.h>
          ^~~~~~~~~~~~~~~~~~
compilation terminated.
configure:7375: $? = 1
configure: failed program was:
| /* confdefs.h */
| #define PACKAGE_NAME "libdockapp"
| #define PACKAGE_TARNAME "libdockapp"
| #define PACKAGE_VERSION "0.7.2"
| #define PACKAGE_STRING "libdockapp 0.7.2"
| #define PACKAGE_BUGREPORT "wmaker-dev@googlegroups.com"
| #define PACKAGE_URL ""
| #define PACKAGE "libdockapp"
| #define VERSION "0.7.2"
| /* end confdefs.h.  */
| #include <ac_nonexistent.h>
configure:7404: checking for ANSI C header files
configure:7424: gcc -c -g -O2  conftest.c >&5
configure:7424: $? = 0
configure:7497: gcc -o conftest -g -O2   conftest.c  >&5
configure:7497: $? = 0
configure:7497: ./conftest
configure:7497: $? = 0
configure:7508: result: yes
configure:7521: checking for sys/types.h
configure:7521: gcc -c -g -O2  conftest.c >&5
configure:7521: $? = 0
configure:7521: result: yes
configure:7521: checking for sys/stat.h
configure:7521: gcc -c -g -O2  conftest.c >&5
configure:7521: $? = 0
configure:7521: result: yes
configure:7521: checking for stdlib.h
configure:7521: gcc -c -g -O2  conftest.c >&5
configure:7521: $? = 0
configure:7521: result: yes
configure:7521: checking for string.h
configure:7521: gcc -c -g -O2  conftest.c >&5
configure:7521: $? = 0
configure:7521: result: yes
configure:7521: checking for memory.h
configure:7521: gcc -c -g -O2  conftest.c >&5
configure:7521: $? = 0
configure:7521: result: yes
configure:7521: checking for strings.h
configure:7521: gcc -c -g -O2  conftest.c >&5
configure:7521: $? = 0
configure:7521: result: yes
configure:7521: checking for inttypes.h
configure:7521: gcc -c -g -O2  conftest.c >&5
configure:7521: $? = 0
configure:7521: result: yes
configure:7521: checking for stdint.h
configure:7521: gcc -c -g -O2  conftest.c >&5
configure:7521: $? = 0
configure:7521: result: yes
configure:7521: checking for unistd.h
configure:7521: gcc -c -g -O2  conftest.c >&5
configure:7521: $? = 0
configure:7521: result: yes
configure:7535: checking for dlfcn.h
configure:7535: gcc -c -g -O2  conftest.c >&5
configure:7535: $? = 0
configure:7535: result: yes
configure:7791: checking for objdir
configure:7806: result: .libs
configure:8066: checking if gcc supports -fno-rtti -fno-exceptions
configure:8084: gcc -c -g -O2  -fno-rtti -fno-exceptions conftest.c >&5
cc1: warning: command line option '-fno-rtti' is valid for C++/ObjC++ but not for C
configure:8088: $? = 0
configure:8101: result: no
configure:8459: checking for gcc option to produce PIC
configure:8466: result: -fPIC -DPIC
configure:8474: checking if gcc PIC flag -fPIC -DPIC works
configure:8492: gcc -c -g -O2  -fPIC -DPIC -DPIC conftest.c >&5
configure:8496: $? = 0
configure:8509: result: yes
configure:8538: checking if gcc static flag -static works
configure:8566: result: yes
configure:8581: checking if gcc supports -c -o file.o
configure:8602: gcc -c -g -O2  -o out/conftest2.o conftest.c >&5
configure:8606: $? = 0
configure:8628: result: yes
configure:8636: checking if gcc supports -c -o file.o
configure:8683: result: yes
configure:8716: checking whether the gcc linker (/usr/bin/ld -m elf_x86_64) supports shared libraries
configure:9979: result: yes
configure:10016: checking whether -lc should be explicitly linked in
configure:10024: gcc -c -g -O2  conftest.c >&5
configure:10027: $? = 0
configure:10042: gcc -shared  -fPIC -DPIC conftest.o  -v -Wl,-soname -Wl,conftest -o conftest 2\>\&1 \| /usr/bin/grep  -lc  \>/dev/null 2\>\&1
configure:10045: $? = 0
configure:10059: result: no
configure:10219: checking dynamic linker characteristics
configure:10800: gcc -o conftest -g -O2   -Wl,-rpath -Wl,/foo conftest.c  >&5
configure:10800: $? = 0
configure:11049: result: GNU/Linux ld.so
configure:11171: checking how to hardcode library paths into programs
configure:11196: result: immediate
configure:11744: checking whether stripping libraries is possible
configure:11749: result: yes
configure:11784: checking if libtool supports shared libraries
configure:11786: result: yes
configure:11789: checking whether to build shared libraries
configure:11814: result: yes
configure:11817: checking whether to build static libraries
configure:11821: result: yes
configure:8719: checking for gcc
configure:8746: result: gcc
configure:8975: checking for C compiler version
configure:8984: gcc --version >&5
gcc (Debian 8.3.0-6) 8.3.0
Copyright (C) 2018 Free Software Foundation, Inc.
This is free software; see the source for copying conditions.  There is NO
warranty; not even for MERCHANTABILITY or FITNESS FOR A PARTICULAR PURPOSE.

configure:8995: $? = 0
configure:8984: gcc -v >&5
Using built-in specs.
COLLECT_GCC=gcc
COLLECT_LTO_WRAPPER=/usr/lib/gcc/x86_64-linux-gnu/8/lto-wrapper
OFFLOAD_TARGET_NAMES=nvptx-none
OFFLOAD_TARGET_DEFAULT=1
Target: x86_64-linux-gnu
Configured with: ../src/configure -v --with-pkgversion='Debian 8.3.0-6' --with-bugurl=file:///usr/share/doc/gcc-8/README.Bugs --enable-languages=c,ada,c++,go,brig,d,fortran,objc,obj-c++ --prefix=/usr --with-gcc-major-version-only --program-suffix=-8 --program-prefix=x86_64-linux-gnu- --enable-shared --enable-linker-build-id --libexecdir=/usr/lib --without-included-gettext --enable-threads=posix --libdir=/usr/lib --enable-nls --enable-bootstrap --enable-clocale=gnu --enable-libstdcxx-debug --enable-libstdcxx-time=yes --with-default-libstdcxx-abi=new --enable-gnu-unique-object --disable-vtable-verify --enable-libmpx --enable-plugin --enable-default-pie --with-system-zlib --with-target-system-zlib --enable-objc-gc=auto --enable-multiarch --disable-werror --with-arch-32=i686 --with-abi=m64 --with-multilib-list=m32,m64,mx32 --enable-multilib --with-tune=generic --enable-offload-targets=nvptx-none --without-cuda-driver --enable-checking=release --build=x86_64-linux-gnu --host=x86_64-linux-gnu --target=x86_64-linux-gnu
Thread model: posix
gcc version 8.3.0 (Debian 8.3.0-6) 
configure:8995: $? = 0
configure:8984: gcc -V >&5
gcc: error: unrecognized command line option '-V'
gcc: fatal error: no input files
compilation terminated.
configure:8995: $? = 1
configure:8984: gcc -qversion >&5
gcc: error: unrecognized command line option '-qversion'; did you mean '--version'?
gcc: fatal error: no input files
compilation terminated.
configure:8995: $? = 1
configure:8999: checking whether we are using the GNU C compiler
configure:9027: result: yes
configure:9036: checking whether gcc accepts -g
configure:9097: result: yes
configure:9114: checking for gcc option to accept ISO C89
configure:9190: result: none needed
configure:9215: checking whether gcc understands -c and -o together
configure:9252: result: yes
configure:9271: checking dependency style of gcc
configure:9382: result: none
configure:9453: checking for pkg-config
configure:9471: found /usr/bin/pkg-config
configure:9483: result: /usr/bin/pkg-config
configure:9508: checking pkg-config is at least version 0.9.0
configure:9511: result: yes
configure:9521: checking for X11
configure:9528: $PKG_CONFIG --exists --print-errors "x11"
configure:9531: $? = 0
configure:9545: $PKG_CONFIG --exists --print-errors "x11"
configure:9548: $? = 0
configure:9606: result: yes
configure:9612: checking for Xext
configure:9619: $PKG_CONFIG --exists --print-errors "xext"
configure:9622: $? = 0
configure:9636: $PKG_CONFIG --exists --print-errors "xext"
configure:9639: $? = 0
configure:9697: result: yes
configure:9703: checking for xpm
configure:9710: $PKG_CONFIG --exists --print-errors "xpm"
configure:9713: $? = 0
configure:9727: $PKG_CONFIG --exists --print-errors "xpm"
configure:9730: $? = 0
configure:9788: result: yes
configure:9824: checking for fc-cache
configure:9842: found /usr/bin/fc-cache
configure:9854: result: /usr/bin/fc-cache
configure:9923: checking for mkfontdir
configure:9941: found /usr/bin/mkfontdir
configure:9953: result: /usr/bin/mkfontdir
configure:9973: checking for root directory for font files
configure:9990: result: /usr/share/fonts/X11
configure:9996: checking for directory for misc files
configure:10007: result: ${FONTROOTDIR}/misc
configure:10150: checking that generated files are newer than configure
configure:10156: result: done
configure:10191: creating ./config.status

## ---------------------- ##
## Running config.status. ##
## ---------------------- ##

This file was extended by libdockapp config.status 0.7.2, which was
generated by GNU Autoconf 2.69.  Invocation command line was

  CONFIG_FILES    = 
  CONFIG_HEADERS  = 
  CONFIG_LINKS    = 
  CONFIG_COMMANDS = 
  $ ./config.status 

on guerrak.mtv.corp.google.com

config.status:1026: creating Makefile
config.status:1026: creating src/Makefile
config.status:1026: creating fonts/Makefile
config.status:1026: creating examples/Makefile
config.status:1198: executing depfiles commands
config.status:1198: executing libtool commands

## ---------------- ##
## Cache variables. ##
## ---------------- ##

ac_cv_build=x86_64-pc-linux-gnu
ac_cv_c_compiler_gnu=yes
ac_cv_env_CC_set=
ac_cv_env_CC_value=
ac_cv_env_CFLAGS_set=
ac_cv_env_CFLAGS_value=
ac_cv_env_CPPFLAGS_set=
ac_cv_env_CPPFLAGS_value=
ac_cv_env_CPP_set=
ac_cv_env_CPP_value=
ac_cv_env_LDFLAGS_set=
ac_cv_env_LDFLAGS_value=
ac_cv_env_LIBS_set=
ac_cv_env_LIBS_value=
ac_cv_env_LT_SYS_LIBRARY_PATH_set=
ac_cv_env_LT_SYS_LIBRARY_PATH_value=
ac_cv_env_PKG_CONFIG_LIBDIR_set=
ac_cv_env_PKG_CONFIG_LIBDIR_value=
ac_cv_env_PKG_CONFIG_PATH_set=
ac_cv_env_PKG_CONFIG_PATH_value=
ac_cv_env_PKG_CONFIG_set=
ac_cv_env_PKG_CONFIG_value=
ac_cv_env_X11_CFLAGS_set=
ac_cv_env_X11_CFLAGS_value=
ac_cv_env_X11_LIBS_set=
ac_cv_env_X11_LIBS_value=
ac_cv_env_Xext_CFLAGS_set=
ac_cv_env_Xext_CFLAGS_value=
ac_cv_env_Xext_LIBS_set=
ac_cv_env_Xext_LIBS_value=
ac_cv_env_build_alias_set=
ac_cv_env_build_alias_value=
ac_cv_env_host_alias_set=
ac_cv_env_host_alias_value=
ac_cv_env_target_alias_set=
ac_cv_env_target_alias_value=
ac_cv_env_xpm_CFLAGS_set=
ac_cv_env_xpm_CFLAGS_value=
ac_cv_env_xpm_LIBS_set=
ac_cv_env_xpm_LIBS_value=
ac_cv_header_dlfcn_h=yes
ac_cv_header_inttypes_h=yes
ac_cv_header_memory_h=yes
ac_cv_header_stdc=yes
ac_cv_header_stdint_h=yes
ac_cv_header_stdlib_h=yes
ac_cv_header_string_h=yes
ac_cv_header_strings_h=yes
ac_cv_header_sys_stat_h=yes
ac_cv_header_sys_types_h=yes
ac_cv_header_unistd_h=yes
ac_cv_host=x86_64-pc-linux-gnu
ac_cv_objext=o
ac_cv_path_EGREP='/usr/bin/grep -E'
ac_cv_path_FCCACHE=/usr/bin/fc-cache
ac_cv_path_FGREP='/usr/bin/grep -F'
ac_cv_path_GREP=/usr/bin/grep
ac_cv_path_MKFONTDIR=/usr/bin/mkfontdir
ac_cv_path_SED=/usr/bin/sed
ac_cv_path_ac_pt_PKG_CONFIG=/usr/bin/pkg-config
ac_cv_path_install='/usr/bin/install -c'
ac_cv_path_lt_DD=/usr/bin/dd
ac_cv_path_mkdir=/usr/bin/mkdir
ac_cv_prog_AWK=gawk
ac_cv_prog_CPP='gcc -E'
ac_cv_prog_ac_ct_AR=ar
ac_cv_prog_ac_ct_CC=gcc
ac_cv_prog_ac_ct_MANIFEST_TOOL=mt
ac_cv_prog_ac_ct_OBJDUMP=objdump
ac_cv_prog_ac_ct_RANLIB=ranlib
ac_cv_prog_ac_ct_STRIP=strip
ac_cv_prog_cc_c89=
ac_cv_prog_cc_g=yes
ac_cv_prog_make_make_set=yes
am_cv_CC_dependencies_compiler_type=none
am_cv_make_support_nested_variables=yes
am_cv_prog_cc_c_o=yes
lt_cv_ar_at_file=@
lt_cv_archive_cmds_need_lc=no
lt_cv_deplibs_check_method=pass_all
lt_cv_file_magic_cmd='$MAGIC_CMD'
lt_cv_file_magic_test_file=
lt_cv_ld_reload_flag=-r
lt_cv_nm_interface='BSD nm'
lt_cv_objdir=.libs
lt_cv_path_LD=/usr/bin/ld
lt_cv_path_NM='/usr/bin/nm -B'
lt_cv_path_mainfest_tool=no
lt_cv_prog_compiler_c_o=yes
lt_cv_prog_compiler_pic='-fPIC -DPIC'
lt_cv_prog_compiler_pic_works=yes
lt_cv_prog_compiler_rtti_exceptions=no
lt_cv_prog_compiler_static_works=yes
lt_cv_prog_gnu_ld=yes
lt_cv_sharedlib_from_linklib_cmd='printf %s\n'
lt_cv_shlibpath_overrides_runpath=yes
lt_cv_sys_global_symbol_pipe='sed -n -e '\''s/^.*[	 ]\([ABCDGIRSTW][ABCDGIRSTW]*\)[	 ][	 ]*\([_A-Za-z][_A-Za-z0-9]*\)$/\1 \2 \2/p'\'' | sed '\''/ __gnu_lto/d'\'''
lt_cv_sys_global_symbol_to_c_name_address='sed -n -e '\''s/^: \(.*\) .*$/  {"\1", (void *) 0},/p'\'' -e '\''s/^[ABCDGIRSTW][ABCDGIRSTW]* .* \(.*\)$/  {"\1", (void *) \&\1},/p'\'''
lt_cv_sys_global_symbol_to_c_name_address_lib_prefix='sed -n -e '\''s/^: \(.*\) .*$/  {"\1", (void *) 0},/p'\'' -e '\''s/^[ABCDGIRSTW][ABCDGIRSTW]* .* \(lib.*\)$/  {"\1", (void *) \&\1},/p'\'' -e '\''s/^[ABCDGIRSTW][ABCDGIRSTW]* .* \(.*\)$/  {"lib\1", (void *) \&\1},/p'\'''
lt_cv_sys_global_symbol_to_cdecl='sed -n -e '\''s/^T .* \(.*\)$/extern int \1();/p'\'' -e '\''s/^[ABCDGIRSTW][ABCDGIRSTW]* .* \(.*\)$/extern char \1;/p'\'''
lt_cv_sys_global_symbol_to_import=
lt_cv_sys_max_cmd_len=1572864
lt_cv_to_host_file_cmd=func_convert_file_noop
lt_cv_to_tool_file_cmd=func_convert_file_noop
lt_cv_truncate_bin='/usr/bin/dd bs=4096 count=1'
pkg_cv_X11_CFLAGS=
pkg_cv_X11_LIBS=-lX11
pkg_cv_Xext_CFLAGS=
pkg_cv_Xext_LIBS=-lXext
pkg_cv_xpm_CFLAGS=
pkg_cv_xpm_LIBS='-lXpm -lX11'

## ----------------- ##
## Output variables. ##
## ----------------- ##

ACLOCAL='${SHELL} /usr/local/google/home/guerrak/code/dockapps/libdockapp/missing aclocal-1.16'
AMDEPBACKSLASH='\'
AMDEP_FALSE='#'
AMDEP_TRUE=''
AMTAR='$${TAR-tar}'
AM_BACKSLASH='\'
AM_DEFAULT_V='$(AM_DEFAULT_VERBOSITY)'
AM_DEFAULT_VERBOSITY='1'
AM_V='$(V)'
AR='ar'
AUTOCONF='${SHELL} /usr/local/google/home/guerrak/code/dockapps/libdockapp/missing autoconf'
AUTOHEADER='${SHELL} /usr/local/google/home/guerrak/code/dockapps/libdockapp/missing autoheader'
AUTOMAKE='${SHELL} /usr/local/google/home/guerrak/code/dockapps/libdockapp/missing automake-1.16'
AWK='gawk'
CC='gcc'
CCDEPMODE='depmode=none'
CFLAGS='-g -O2'
COND_EXAMPLES_FALSE='#'
COND_EXAMPLES_TRUE=''
COND_FONT_FALSE='#'
COND_FONT_TRUE=''
CPP='gcc -E'
CPPFLAGS=''
CYGPATH_W='echo'
DEFS='-DPACKAGE_NAME=\"libdockapp\" -DPACKAGE_TARNAME=\"libdockapp\" -DPACKAGE_VERSION=\"0.7.2\" -DPACKAGE_STRING=\"libdockapp\ 0.7.2\" -DPACKAGE_BUGREPORT=\"wmaker-dev@googlegroups.com\" -DPACKAGE_URL=\"\" -DPACKAGE=\"libdockapp\" -DVERSION=\"0.7.2\" -DSTDC_HEADERS=1 -DHAVE_SYS_TYPES_H=1 -DHAVE_SYS_STAT_H=1 -DHAVE_STDLIB_H=1 -DHAVE_STRING_H=1 -DHAVE_MEMORY_H=1 -DHAVE_STRINGS_H=1 -DHAVE_INTTYPES_H=1 -DHAVE_STDINT_H=1 -DHAVE_UNISTD_H=1 -DHAVE_DLFCN_H=1 -DLT_OBJDIR=\".libs/\"'
DEPDIR='.deps'
DFLAGS=''
DLLTOOL='false'
DSYMUTIL=''
DUMPBIN=''
ECHO_C=''
ECHO_N='-n'
ECHO_T=''
EGREP='/usr/bin/grep -E'
EXEEXT=''
FCCACHE='/usr/bin/fc-cache'
FGREP='/usr/bin/grep -F'
FONTDIR='${FONTROOTDIR}/misc'
FONTROOTDIR='/usr/share/fonts/X11'
GREP='/usr/bin/grep'
INSTALL_DATA='${INSTALL} -m 644'
INSTALL_PROGRAM='${INSTALL}'
INSTALL_SCRIPT='${INSTALL}'
INSTALL_STRIP_PROGRAM='$(install_sh) -c -s'
LD='/usr/bin/ld -m elf_x86_64'
LDFLAGS=''
LIBOBJS=''
LIBS=''
LIBTOOL='$(SHELL) $(top_builddir)/libtool'
LIPO=''
LN_S='ln -s'
LTLIBOBJS=''
LT_SYS_LIBRARY_PATH=''
MAKEINFO='${SHELL} /usr/local/google/home/guerrak/code/dockapps/libdockapp/missing makeinfo'
MANIFEST_TOOL=':'
MKDIR_P='/usr/bin/mkdir -p'
MKFONTDIR='/usr/bin/mkfontdir'
NM='/usr/bin/nm -B'
NMEDIT=''
OBJDUMP='objdump'
OBJEXT='o'
OTOOL64=''
OTOOL=''
PACKAGE='libdockapp'
PACKAGE_BUGREPORT='wmaker-dev@googlegroups.com'
PACKAGE_NAME='libdockapp'
PACKAGE_STRING='libdockapp 0.7.2'
PACKAGE_TARNAME='libdockapp'
PACKAGE_URL=''
PACKAGE_VERSION='0.7.2'
PATH_SEPARATOR=':'
PKG_CONFIG='/usr/bin/pkg-config'
PKG_CONFIG_LIBDIR=''
PKG_CONFIG_PATH=''
RANLIB='ranlib'
RUN_FCCACHE='@(if test -z "$(DESTDIR)"; then echo $(FCCACHE) $(fontdir); $(FCCACHE) $(fontdir); else echo "** Warning: fonts.cache not built" ; echo "** Generate this file manually on host system using fc-cache" ; fi)'
SED='/usr/bin/sed'
SET_MAKE=''
SHELL='/bin/sh'
STRIP='strip'
VERSION='0.7.2'
X11_CFLAGS=''
X11_LIBS='-lX11'
Xext_CFLAGS=''
Xext_LIBS='-lXext'
ac_ct_AR='ar'
ac_ct_CC='gcc'
ac_ct_DUMPBIN=''
am__EXEEXT_FALSE=''
am__EXEEXT_TRUE='#'
am__fastdepCC_FALSE=''
am__fastdepCC_TRUE='#'
am__include='include'
am__isrc=''
am__leading_dot='.'
am__nodep='_no'
am__quote=''
am__tar='$${TAR-tar} chof - "$$tardir"'
am__untar='$${TAR-tar} xf -'
bindir='${exec_prefix}/bin'
build='x86_64-pc-linux-gnu'
build_alias=''
build_cpu='x86_64'
build_os='linux-gnu'
build_vendor='pc'
datadir='${datarootdir}'
datarootdir='${prefix}/share'
docdir='${datarootdir}/doc/${PACKAGE_TARNAME}'
dvidir='${docdir}'
exec_prefix='${prefix}'
host='x86_64-pc-linux-gnu'
host_alias=''
host_cpu='x86_64'
host_os='linux-gnu'
host_vendor='pc'
htmldir='${docdir}'
includedir='${prefix}/include'
infodir='${datarootdir}/info'
install_sh='${SHELL} /usr/local/google/home/guerrak/code/dockapps/libdockapp/install-sh'
libdir='${exec_prefix}/lib'
libexecdir='${exec_prefix}/libexec'
localedir='${datarootdir}/locale'
localstatedir='${prefix}/var'
mandir='${datarootdir}/man'
mkdir_p='$(MKDIR_P)'
oldincludedir='/usr/include'
pdfdir='${docdir}'
prefix='/usr'
program_transform_name='s,x,x,'
psdir='${docdir}'
runstatedir='${localstatedir}/run'
sbindir='${exec_prefix}/sbin'
sharedstatedir='${prefix}/com'
sysconfdir='${prefix}/etc'
target_alias=''
xpm_CFLAGS=''
xpm_LIBS='-lXpm -lX11'

## ----------- ##
## confdefs.h. ##
## ----------- ##

/* confdefs.h */
#define PACKAGE_NAME "libdockapp"
#define PACKAGE_TARNAME "libdockapp"
#define PACKAGE_VERSION "0.7.2"
#define PACKAGE_STRING "libdockapp 0.7.2"
#define PACKAGE_BUGREPORT "wmaker-dev@googlegroups.com"
#define PACKAGE_URL ""
#define PACKAGE "libdockapp"
#define VERSION "0.7.2"
#define STDC_HEADERS 1
#define HAVE_SYS_TYPES_H 1
#define HAVE_SYS_STAT_H 1
#define HAVE_STDLIB_H 1
#define HAVE_STRING_H 1
#define HAVE_MEMORY_H 1
#define HAVE_STRINGS_H 1
#define HAVE_INTTYPES_H 1
#define HAVE_STDINT_H 1
#define HAVE_UNISTD_H 1
#define HAVE_DLFCN_H 1
#define LT_OBJDIR ".libs/"

configure: exit 0
